<?xml version="1.0" encoding="UTF-8"?>
<testsuite name="com.maksru2009.operations.RoundingPriceTest" tests="1" skipped="0" failures="0" errors="0" timestamp="2022-12-21T16:51:55" hostname="USER-PC" time="0.002">
  <properties/>
  <testcase name="testRoundPrice()" classname="com.maksru2009.operations.RoundingPriceTest" time="0.002"/>
  <system-out><![CDATA[]]></system-out>
  <system-err><![CDATA[]]></system-err>
</testsuite>
