<?xml version="1.0" encoding="UTF-8"?>
<testsuite name="com.maksru2009.operations.UpdateCartInfTest" tests="3" skipped="0" failures="0" errors="0" timestamp="2022-12-21T16:51:55" hostname="USER-PC" time="0.017">
  <properties/>
  <testcase name="testConvertStrInProduct()" classname="com.maksru2009.operations.UpdateCartInfTest" time="0.013"/>
  <testcase name="testConvertStrInCard()" classname="com.maksru2009.operations.UpdateCartInfTest" time="0.001"/>
  <testcase name="testGetCartWithUpdProductAndPrices()" classname="com.maksru2009.operations.UpdateCartInfTest" time="0.001"/>
  <system-out><![CDATA[]]></system-out>
  <system-err><![CDATA[]]></system-err>
</testsuite>
