<?xml version="1.0" encoding="UTF-8"?>
<testsuite name="com.maksru2009.operations.OperationsWithCartTest" tests="4" skipped="0" failures="0" errors="0" timestamp="2022-12-21T16:51:55" hostname="USER-PC" time="0.036">
  <properties/>
  <testcase name="testGetCartWithUpdPrices()" classname="com.maksru2009.operations.OperationsWithCartTest" time="0.025"/>
  <testcase name="testAmountWithoutPromo()" classname="com.maksru2009.operations.OperationsWithCartTest" time="0.003"/>
  <testcase name="testAmountWithoutDiscount()" classname="com.maksru2009.operations.OperationsWithCartTest" time="0.002"/>
  <testcase name="testAmountWithPromoAndDiscount()" classname="com.maksru2009.operations.OperationsWithCartTest" time="0.002"/>
  <system-out><![CDATA[]]></system-out>
  <system-err><![CDATA[]]></system-err>
</testsuite>
